1596084396309	geckodriver	INFO	Listening on 127.0.0.1:64450
1596084399352	mozrunner::runner	INFO	Running command: "C:\\Program Files\\Mozilla Firefox\\firefox.exe" "--marionette" "-foreground" "-no-remote" "-profile" "C:\\Users\\Mi\\AppData\\Local\\Temp\\rust_mozprofilekoQNmp"
JavaScript error: resource://gre/modules/XULStore.jsm, line 66: Error: Can't find profile directory.
console.error: SearchCache: "_readCacheFile: Error reading cache file:" (new Error("", "(unknown module)"))
1596084401429	Marionette	INFO	Listening on port 64463
1596084401469	Marionette	WARN	TLS certificate errors will be ignored for this session
1596085240454	geckodriver	INFO	Listening on 127.0.0.1:55891
1596085243536	mozrunner::runner	INFO	Running command: "C:\\Program Files\\Mozilla Firefox\\firefox.exe" "--marionette" "--window-size=1820,1000" "-foreground" "-no-remote" "-profile" "C:\\Users\\Mi\\AppData\\Local\\Temp\\rust_mozprofilePYGDGX"
JavaScript error: resource://gre/modules/XULStore.jsm, line 66: Error: Can't find profile directory.
console.error: SearchCache: "_readCacheFile: Error reading cache file:" (new Error("", "(unknown module)"))
1596085245233	Marionette	INFO	Listening on port 55901
1596085245574	Marionette	WARN	TLS certificate errors will be ignored for this session
1596085888391	geckodriver	INFO	Listening on 127.0.0.1:52550
1596085891458	mozrunner::runner	INFO	Running command: "C:\\Program Files\\Mozilla Firefox\\firefox.exe" "--marionette" "--window-size=1820,1000" "-foreground" "-no-remote" "-profile" "C:\\Users\\Mi\\AppData\\Local\\Temp\\rust_mozprofileWmT1JW"
JavaScript error: resource://gre/modules/XULStore.jsm, line 66: Error: Can't find profile directory.
console.error: SearchCache: "_readCacheFile: Error reading cache file:" (new Error("", "(unknown module)"))
1596085893063	Marionette	INFO	Listening on port 52558
1596085893469	Marionette	WARN	TLS certificate errors will be ignored for this session
1596086101540	geckodriver	INFO	Listening on 127.0.0.1:52641
1596086104616	mozrunner::runner	INFO	Running command: "C:\\Program Files\\Mozilla Firefox\\firefox.exe" "--marionette" "--window-size=1820,1000" "-foreground" "-no-remote" "-profile" "C:\\Users\\Mi\\AppData\\Local\\Temp\\rust_mozprofile8pNBx9"
JavaScript error: resource://gre/modules/XULStore.jsm, line 66: Error: Can't find profile directory.
console.error: SearchCache: "_readCacheFile: Error reading cache file:" (new Error("", "(unknown module)"))
1596086106245	Marionette	INFO	Listening on port 52649
1596086106627	Marionette	WARN	TLS certificate errors will be ignored for this session
1596087286779	geckodriver	INFO	Listening on 127.0.0.1:53135
1596087289858	mozrunner::runner	INFO	Running command: "C:\\Program Files\\Mozilla Firefox\\firefox.exe" "--marionette" "--window-size=1820,1000" "-foreground" "-no-remote" "-profile" "C:\\Users\\Mi\\AppData\\Local\\Temp\\rust_mozprofileaH5iq7"
JavaScript error: resource://gre/modules/XULStore.jsm, line 66: Error: Can't find profile directory.
console.error: SearchCache: "_readCacheFile: Error reading cache file:" (new Error("", "(unknown module)"))
1596087291499	Marionette	INFO	Listening on port 53144
1596087291871	Marionette	WARN	TLS certificate errors will be ignored for this session
1601866778110	geckodriver	INFO	Listening on 127.0.0.1:59829
1601866781152	mozrunner::runner	INFO	Running command: "C:\\Program Files\\Mozilla Firefox\\firefox.exe" "--marionette" "--window-size=1820,1000" "-foreground" "-no-remote" "-profile" "C:\\Users\\peppe\\AppData\\Local\\Temp\\rust_mozprofile7DxDAz"
JavaScript error: resource://gre/modules/XULStore.jsm, line 66: Error: Can't find profile directory.
console.error: SearchCache: "_readCacheFile: Error reading cache file:" (new Error("", "(unknown module)"))
1601866782426	Marionette	INFO	Listening on port 59837
1601866782658	Marionette	WARN	TLS certificate errors will be ignored for this session
Can't find symbol 'eglSwapBuffersWithDamageEXT'.
1601866890035	geckodriver	INFO	Listening on 127.0.0.1:60002
1601866893104	mozrunner::runner	INFO	Running command: "C:\\Program Files\\Mozilla Firefox\\firefox.exe" "--marionette" "--window-size=1820,1000" "-foreground" "-no-remote" "-profile" "C:\\Users\\peppe\\AppData\\Local\\Temp\\rust_mozprofileDsk8k3"
JavaScript error: resource://gre/modules/XULStore.jsm, line 66: Error: Can't find profile directory.
console.error: SearchCache: "_readCacheFile: Error reading cache file:" (new Error("", "(unknown module)"))
1601866894379	Marionette	INFO	Listening on port 60010
1601866894611	Marionette	WARN	TLS certificate errors will be ignored for this session
Can't find symbol 'eglSwapBuffersWithDamageEXT'.
